<?xml version="1.0" encoding="UTF-8"?>
<!-- Generated by org.testng.reporters.JUnitReportReporter -->
<testsuite hostname="DESKTOP-52D5HFG" failures="0" tests="4" name="com.TestCase.LoginTestCase" time="177.197" errors="0" timestamp="2022-11-30T10:27:44 IST" skipped="0">
  <testcase classname="com.TestCase.LoginTestCase" name="validLoginTest1" time="53.625"/>
  <system-out/>
  <testcase classname="com.TestCase.LoginTestCase" name="validLoginTest1" time="24.100"/>
  <system-out/>
  <testcase classname="com.TestCase.LoginTestCase" name="invalidLoginTest" time="81.299"/>
  <system-out/>
  <testcase classname="com.TestCase.LoginTestCase" name="invalidLoginTest" time="18.173"/>
  <system-out/>
</testsuite> <!-- com.TestCase.LoginTestCase -->
