<?xml version="1.0" encoding="UTF-8"?>
<!-- Generated by org.testng.reporters.JUnitReportReporter -->
<testsuite hostname="DESKTOP-52D5HFG" failures="0" tests="1" name="com.TestCase.Base" time="0.011" errors="0" timestamp="2022-11-28T22:11:56 IST" skipped="0">
  <testcase classname="com.TestCase.Base" name="display" time="0.011"/>
  <system-out/>
</testsuite> <!-- com.TestCase.Base -->
